<?xml version="1.0" encoding="UTF-8"?>
<!-- Generated by org.testng.reporters.JUnitReportReporter -->
<testsuite hostname="192.168.1.4" failures="0" tests="3" name="testSuite.MainTest" time="95.328" errors="0" timestamp="2024-03-08T18:48:35 IST" skipped="0">
  <testcase classname="testSuite.MainTest" name="searchBox" time="25.683"/>
  <system-out/>
  <testcase classname="testSuite.MainTest" name="filterPrice" time="40.001"/>
  <system-out/>
  <testcase classname="testSuite.MainTest" name="getResult" time="29.644"/>
  <system-out/>
</testsuite> <!-- testSuite.MainTest -->
