<?xml version="1.0" encoding="UTF-8"?>
<!-- Generated by org.testng.reporters.JUnitReportReporter -->
<testsuite hostname="192.168.1.9" failures="0" tests="1" name="Grab.Grab.NewTest" time="39.770" errors="0" timestamp="2024-02-29T18:30:45 IST" skipped="0">
  <testcase classname="Grab.Grab.NewTest" name="f" time="39.770"/>
  <system-out/>
</testsuite> <!-- Grab.Grab.NewTest -->
