<?xml version="1.0" encoding="UTF-8"?>
<!-- Generated by org.testng.reporters.JUnitReportReporter -->
<testsuite hostname="192.168.1.9" failures="0" tests="3" name="Grab.Grab.MainTest" time="72.262" errors="0" timestamp="2024-02-29T23:34:23 IST" skipped="0">
  <testcase classname="Grab.Grab.MainTest" name="searchBox" time="18.934"/>
  <system-out/>
  <testcase classname="Grab.Grab.MainTest" name="filterPrice" time="40.688"/>
  <system-out/>
  <testcase classname="Grab.Grab.MainTest" name="getResult" time="12.640"/>
  <system-out/>
</testsuite> <!-- Grab.Grab.MainTest -->
