<?xml version="1.0" encoding="UTF-8"?>
<!-- Generated by org.testng.reporters.JUnitReportReporter -->
<testsuite hostname="192.168.1.7" failures="0" tests="7" name="basic_CRUD.RestApi" time="9.916" errors="0" timestamp="2024-03-12T10:56:49 IST" skipped="0">
  <testcase classname="basic_CRUD.RestApi" name="getRequest" time="5.539"/>
  <system-out/>
  <testcase classname="basic_CRUD.RestApi" name="postRequest" time="1.032"/>
  <system-out/>
  <testcase classname="basic_CRUD.RestApi" name="putRequest" time="0.733"/>
  <system-out/>
  <testcase classname="basic_CRUD.RestApi" name="deleteRequest" time="0.690"/>
  <system-out/>
  <testcase classname="basic_CRUD.RestApi" name="postRequestJason" time="0.713"/>
  <system-out/>
  <testcase classname="basic_CRUD.RestApi" name="postRequestPOJO" time="0.759"/>
  <system-out/>
  <testcase classname="basic_CRUD.RestApi" name="getRequestField" time="0.450"/>
  <system-out/>
</testsuite> <!-- basic_CRUD.RestApi -->
