<?xml version="1.0" encoding="UTF-8"?>
<!-- Generated by org.testng.reporters.JUnitReportReporter -->
<testsuite hostname="192.168.1.7" failures="0" tests="7" name="api_Automation.RestApi" time="9.306" errors="0" timestamp="2024-03-12T10:48:45 IST" skipped="0">
  <testcase classname="api_Automation.RestApi" name="getRequest" time="4.698"/>
  <system-out/>
  <testcase classname="api_Automation.RestApi" name="postRequest" time="1.168"/>
  <system-out/>
  <testcase classname="api_Automation.RestApi" name="putRequest" time="0.686"/>
  <system-out/>
  <testcase classname="api_Automation.RestApi" name="deleteRequest" time="0.706"/>
  <system-out/>
  <testcase classname="api_Automation.RestApi" name="postRequestJason" time="0.822"/>
  <system-out/>
  <testcase classname="api_Automation.RestApi" name="postRequestPOJO" time="0.755"/>
  <system-out/>
  <testcase classname="api_Automation.RestApi" name="getRequestField" time="0.471"/>
  <system-out/>
</testsuite> <!-- api_Automation.RestApi -->
