<?xml version="1.0" encoding="UTF-8"?>
<!-- Generated by org.testng.reporters.JUnitReportReporter -->
<testsuite hostname="192.168.1.7" failures="0" tests="2" name="api_Automation.Response_parser" time="5.208" errors="0" timestamp="2024-03-12T10:41:37 IST" skipped="0">
  <testcase classname="api_Automation.Response_parser" name="resposeParserJson" time="4.564"/>
  <system-out/>
  <testcase classname="api_Automation.Response_parser" name="resposeParserPojo" time="0.644"/>
  <system-out/>
</testsuite> <!-- api_Automation.Response_parser -->
