<?xml version="1.0" encoding="UTF-8"?>
<!-- Generated by org.testng.reporters.JUnitReportReporter -->
<testsuite hostname="192.168.1.4" failures="0" tests="5" name="testsuite.MainTest" time="31.108" errors="0" timestamp="2024-03-08T18:47:06 IST" skipped="0">
  <testcase classname="testsuite.MainTest" name="searchInput" time="7.987"/>
  <system-out/>
  <testcase classname="testsuite.MainTest" name="tapOnFilter" time="5.370"/>
  <system-out/>
  <testcase classname="testsuite.MainTest" name="getList" time="7.490"/>
  <system-out/>
  <testcase classname="testsuite.MainTest" name="clickOnProduct" time="2.840"/>
  <system-out/>
  <testcase classname="testsuite.MainTest" name="clickBuyAndSignIn" time="7.421"/>
  <system-out/>
</testsuite> <!-- testsuite.MainTest -->
